<?xml version="1.0" encoding="UTF-8"?>
<testsuite xmlns:xsi="http://www.w3.org/2001/XMLSchema-instance" xsi:noNamespaceSchemaLocation="https://maven.apache.org/surefire/maven-surefire-plugin/xsd/surefire-test-report.xsd" name="com.luv2code.ecommerce.service.CheckoutServiceImplTest" time="1.326" tests="2" errors="0" skipped="2" failures="0">
  <properties>
    <property name="sun.desktop" value="windows"/>
    <property name="awt.toolkit" value="sun.awt.windows.WToolkit"/>
    <property name="java.specification.version" value="11"/>
    <property name="sun.cpu.isalist" value="amd64"/>
    <property name="sun.jnu.encoding" value="Cp1252"/>
    <property name="java.class.path" value="S:\Users\Dex Rhys\Documents\ecommerce-project-release-3.0\backend\target\test-classes;S:\Users\Dex Rhys\Documents\ecommerce-project-release-3.0\backend\target\classes;C:\Users\Dex Rhys\.m2\repository\com\microsoft\azure\applicationinsights-spring-boot-starter\2.6.0\applicationinsights-spring-boot-starter-2.6.0.jar;C:\Users\Dex Rhys\.m2\repository\com\microsoft\azure\applicationinsights-web\2.6.0\applicationinsights-web-2.6.0.jar;C:\Users\Dex Rhys\.m2\repository\com\microsoft\azure\applicationinsights-logging-logback\2.6.4\applicationinsights-logging-logback-2.6.4.jar;C:\Users\Dex Rhys\.m2\repository\com\microsoft\azure\applicationinsights-core\2.6.4\applicationinsights-core-2.6.4.jar;C:\Users\Dex Rhys\.m2\repository\ch\qos\logback\logback-classic\1.2.3\logback-classic-1.2.3.jar;C:\Users\Dex Rhys\.m2\repository\org\slf4j\slf4j-api\1.7.30\slf4j-api-1.7.30.jar;C:\Users\Dex Rhys\.m2\repository\ch\qos\logback\logback-core\1.2.3\logback-core-1.2.3.jar;C:\Users\Dex Rhys\.m2\repository\com\stripe\stripe-java\20.123.0\stripe-java-20.123.0.jar;C:\Users\Dex Rhys\.m2\repository\com\google\code\gson\gson\2.8.6\gson-2.8.6.jar;C:\Users\Dex Rhys\.m2\repository\com\okta\spring\okta-spring-boot-starter\2.1.5\okta-spring-boot-starter-2.1.5.jar;C:\Users\Dex Rhys\.m2\repository\com\okta\spring\okta-spring-security-oauth2\2.1.5\okta-spring-security-oauth2-2.1.5.jar;C:\Users\Dex Rhys\.m2\repository\javax\validation\validation-api\2.0.1.Final\validation-api-2.0.1.Final.jar;C:\Users\Dex Rhys\.m2\repository\com\okta\commons\okta-config-check\1.3.0\okta-config-check-1.3.0.jar;C:\Users\Dex Rhys\.m2\repository\com\okta\commons\okta-commons-lang\1.3.0\okta-commons-lang-1.3.0.jar;C:\Users\Dex Rhys\.m2\repository\org\springframework\security\spring-security-config\5.4.1\spring-security-config-5.4.1.jar;C:\Users\Dex Rhys\.m2\repository\org\springframework\security\spring-security-core\5.4.1\spring-security-core-5.4.1.jar;C:\Users\Dex Rhys\.m2\repository\org\springframework\boot\spring-boot-starter-security\2.4.0\spring-boot-starter-security-2.4.0.jar;C:\Users\Dex Rhys\.m2\repository\org\springframework\security\spring-security-web\5.4.1\spring-security-web-5.4.1.jar;C:\Users\Dex Rhys\.m2\repository\org\springframework\security\spring-security-oauth2-client\5.4.1\spring-security-oauth2-client-5.4.1.jar;C:\Users\Dex Rhys\.m2\repository\com\nimbusds\oauth2-oidc-sdk\8.23.1\oauth2-oidc-sdk-8.23.1.jar;C:\Users\Dex Rhys\.m2\repository\com\github\stephenc\jcip\jcip-annotations\1.0-1\jcip-annotations-1.0-1.jar;C:\Users\Dex Rhys\.m2\repository\com\nimbusds\content-type\2.1\content-type-2.1.jar;C:\Users\Dex Rhys\.m2\repository\com\nimbusds\lang-tag\1.4.4\lang-tag-1.4.4.jar;C:\Users\Dex Rhys\.m2\repository\org\springframework\security\spring-security-oauth2-core\5.4.1\spring-security-oauth2-core-5.4.1.jar;C:\Users\Dex Rhys\.m2\repository\org\springframework\security\spring-security-oauth2-jose\5.4.1\spring-security-oauth2-jose-5.4.1.jar;C:\Users\Dex Rhys\.m2\repository\com\nimbusds\nimbus-jose-jwt\9.1.2\nimbus-jose-jwt-9.1.2.jar;C:\Users\Dex Rhys\.m2\repository\org\springframework\security\spring-security-oauth2-resource-server\5.4.1\spring-security-oauth2-resource-server-5.4.1.jar;C:\Users\Dex Rhys\.m2\repository\com\okta\spring\okta-spring-sdk\2.1.5\okta-spring-sdk-2.1.5.jar;C:\Users\Dex Rhys\.m2\repository\org\springframework\boot\spring-boot\2.4.0\spring-boot-2.4.0.jar;C:\Users\Dex Rhys\.m2\repository\org\springframework\boot\spring-boot-autoconfigure\2.4.0\spring-boot-autoconfigure-2.4.0.jar;C:\Users\Dex Rhys\.m2\repository\org\springframework\boot\spring-boot-starter-data-jpa\2.4.0\spring-boot-starter-data-jpa-2.4.0.jar;C:\Users\Dex Rhys\.m2\repository\org\springframework\boot\spring-boot-starter-aop\2.4.0\spring-boot-starter-aop-2.4.0.jar;C:\Users\Dex Rhys\.m2\repository\org\springframework\spring-aop\5.3.1\spring-aop-5.3.1.jar;C:\Users\Dex Rhys\.m2\repository\org\aspectj\aspectjweaver\1.9.6\aspectjweaver-1.9.6.jar;C:\Users\Dex Rhys\.m2\repository\org\springframework\boot\spring-boot-starter-jdbc\2.4.0\spring-boot-starter-jdbc-2.4.0.jar;C:\Users\Dex Rhys\.m2\repository\com\zaxxer\HikariCP\3.4.5\HikariCP-3.4.5.jar;C:\Users\Dex Rhys\.m2\repository\org\springframework\spring-jdbc\5.3.1\spring-jdbc-5.3.1.jar;C:\Users\Dex Rhys\.m2\repository\jakarta\transaction\jakarta.transaction-api\1.3.3\jakarta.transaction-api-1.3.3.jar;C:\Users\Dex Rhys\.m2\repository\jakarta\persistence\jakarta.persistence-api\2.2.3\jakarta.persistence-api-2.2.3.jar;C:\Users\Dex Rhys\.m2\repository\org\hibernate\hibernate-core\5.4.23.Final\hibernate-core-5.4.23.Final.jar;C:\Users\Dex Rhys\.m2\repository\org\jboss\logging\jboss-logging\3.4.1.Final\jboss-logging-3.4.1.Final.jar;C:\Users\Dex Rhys\.m2\repository\org\javassist\javassist\3.24.0-GA\javassist-3.24.0-GA.jar;C:\Users\Dex Rhys\.m2\repository\net\bytebuddy\byte-buddy\1.10.18\byte-buddy-1.10.18.jar;C:\Users\Dex Rhys\.m2\repository\antlr\antlr\2.7.7\antlr-2.7.7.jar;C:\Users\Dex Rhys\.m2\repository\org\jboss\jandex\2.1.3.Final\jandex-2.1.3.Final.jar;C:\Users\Dex Rhys\.m2\repository\com\fasterxml\classmate\1.5.1\classmate-1.5.1.jar;C:\Users\Dex Rhys\.m2\repository\org\dom4j\dom4j\2.1.3\dom4j-2.1.3.jar;C:\Users\Dex Rhys\.m2\repository\org\hibernate\common\hibernate-commons-annotations\5.1.2.Final\hibernate-commons-annotations-5.1.2.Final.jar;C:\Users\Dex Rhys\.m2\repository\org\glassfish\jaxb\jaxb-runtime\2.3.3\jaxb-runtime-2.3.3.jar;C:\Users\Dex Rhys\.m2\repository\org\glassfish\jaxb\txw2\2.3.3\txw2-2.3.3.jar;C:\Users\Dex Rhys\.m2\repository\com\sun\istack\istack-commons-runtime\3.0.11\istack-commons-runtime-3.0.11.jar;C:\Users\Dex Rhys\.m2\repository\com\sun\activation\jakarta.activation\1.2.2\jakarta.activation-1.2.2.jar;C:\Users\Dex Rhys\.m2\repository\org\springframework\data\spring-data-jpa\2.4.1\spring-data-jpa-2.4.1.jar;C:\Users\Dex Rhys\.m2\repository\org\springframework\data\spring-data-commons\2.4.1\spring-data-commons-2.4.1.jar;C:\Users\Dex Rhys\.m2\repository\org\springframework\spring-orm\5.3.1\spring-orm-5.3.1.jar;C:\Users\Dex Rhys\.m2\repository\org\springframework\spring-context\5.3.1\spring-context-5.3.1.jar;C:\Users\Dex Rhys\.m2\repository\org\springframework\spring-expression\5.3.1\spring-expression-5.3.1.jar;C:\Users\Dex Rhys\.m2\repository\org\springframework\spring-tx\5.3.1\spring-tx-5.3.1.jar;C:\Users\Dex Rhys\.m2\repository\org\springframework\spring-beans\5.3.1\spring-beans-5.3.1.jar;C:\Users\Dex Rhys\.m2\repository\org\springframework\spring-aspects\5.3.1\spring-aspects-5.3.1.jar;C:\Users\Dex Rhys\.m2\repository\org\springframework\boot\spring-boot-starter-data-rest\2.4.0\spring-boot-starter-data-rest-2.4.0.jar;C:\Users\Dex Rhys\.m2\repository\org\springframework\boot\spring-boot-starter-web\2.4.0\spring-boot-starter-web-2.4.0.jar;C:\Users\Dex Rhys\.m2\repository\org\springframework\boot\spring-boot-starter-json\2.4.0\spring-boot-starter-json-2.4.0.jar;C:\Users\Dex Rhys\.m2\repository\com\fasterxml\jackson\datatype\jackson-datatype-jdk8\2.11.3\jackson-datatype-jdk8-2.11.3.jar;C:\Users\Dex Rhys\.m2\repository\com\fasterxml\jackson\datatype\jackson-datatype-jsr310\2.11.3\jackson-datatype-jsr310-2.11.3.jar;C:\Users\Dex Rhys\.m2\repository\com\fasterxml\jackson\module\jackson-module-parameter-names\2.11.3\jackson-module-parameter-names-2.11.3.jar;C:\Users\Dex Rhys\.m2\repository\org\springframework\boot\spring-boot-starter-tomcat\2.4.0\spring-boot-starter-tomcat-2.4.0.jar;C:\Users\Dex Rhys\.m2\repository\org\apache\tomcat\embed\tomcat-embed-core\9.0.39\tomcat-embed-core-9.0.39.jar;C:\Users\Dex Rhys\.m2\repository\org\glassfish\jakarta.el\3.0.3\jakarta.el-3.0.3.jar;C:\Users\Dex Rhys\.m2\repository\org\apache\tomcat\embed\tomcat-embed-websocket\9.0.39\tomcat-embed-websocket-9.0.39.jar;C:\Users\Dex Rhys\.m2\repository\org\springframework\spring-web\5.3.1\spring-web-5.3.1.jar;C:\Users\Dex Rhys\.m2\repository\org\springframework\spring-webmvc\5.3.1\spring-webmvc-5.3.1.jar;C:\Users\Dex Rhys\.m2\repository\org\springframework\data\spring-data-rest-webmvc\3.4.1\spring-data-rest-webmvc-3.4.1.jar;C:\Users\Dex Rhys\.m2\repository\org\springframework\data\spring-data-rest-core\3.4.1\spring-data-rest-core-3.4.1.jar;C:\Users\Dex Rhys\.m2\repository\org\springframework\hateoas\spring-hateoas\1.2.1\spring-hateoas-1.2.1.jar;C:\Users\Dex Rhys\.m2\repository\org\springframework\plugin\spring-plugin-core\2.0.0.RELEASE\spring-plugin-core-2.0.0.RELEASE.jar;C:\Users\Dex Rhys\.m2\repository\org\atteo\evo-inflector\1.2.2\evo-inflector-1.2.2.jar;C:\Users\Dex Rhys\.m2\repository\com\fasterxml\jackson\core\jackson-databind\2.11.3\jackson-databind-2.11.3.jar;C:\Users\Dex Rhys\.m2\repository\com\fasterxml\jackson\core\jackson-core\2.11.3\jackson-core-2.11.3.jar;C:\Users\Dex Rhys\.m2\repository\com\fasterxml\jackson\core\jackson-annotations\2.11.3\jackson-annotations-2.11.3.jar;C:\Users\Dex Rhys\.m2\repository\mysql\mysql-connector-java\8.0.22\mysql-connector-java-8.0.22.jar;C:\Users\Dex Rhys\.m2\repository\org\projectlombok\lombok\1.18.16\lombok-1.18.16.jar;C:\Users\Dex Rhys\.m2\repository\org\springframework\boot\spring-boot-starter-test\2.4.0\spring-boot-starter-test-2.4.0.jar;C:\Users\Dex Rhys\.m2\repository\org\springframework\boot\spring-boot-starter\2.4.0\spring-boot-starter-2.4.0.jar;C:\Users\Dex Rhys\.m2\repository\org\springframework\boot\spring-boot-starter-logging\2.4.0\spring-boot-starter-logging-2.4.0.jar;C:\Users\Dex Rhys\.m2\repository\org\apache\logging\log4j\log4j-to-slf4j\2.13.3\log4j-to-slf4j-2.13.3.jar;C:\Users\Dex Rhys\.m2\repository\org\apache\logging\log4j\log4j-api\2.13.3\log4j-api-2.13.3.jar;C:\Users\Dex Rhys\.m2\repository\org\slf4j\jul-to-slf4j\1.7.30\jul-to-slf4j-1.7.30.jar;C:\Users\Dex Rhys\.m2\repository\jakarta\annotation\jakarta.annotation-api\1.3.5\jakarta.annotation-api-1.3.5.jar;C:\Users\Dex Rhys\.m2\repository\org\yaml\snakeyaml\1.27\snakeyaml-1.27.jar;C:\Users\Dex Rhys\.m2\repository\org\springframework\boot\spring-boot-test\2.4.0\spring-boot-test-2.4.0.jar;C:\Users\Dex Rhys\.m2\repository\org\springframework\boot\spring-boot-test-autoconfigure\2.4.0\spring-boot-test-autoconfigure-2.4.0.jar;C:\Users\Dex Rhys\.m2\repository\com\jayway\jsonpath\json-path\2.4.0\json-path-2.4.0.jar;C:\Users\Dex Rhys\.m2\repository\net\minidev\json-smart\2.3\json-smart-2.3.jar;C:\Users\Dex Rhys\.m2\repository\net\minidev\accessors-smart\1.2\accessors-smart-1.2.jar;C:\Users\Dex Rhys\.m2\repository\org\ow2\asm\asm\5.0.4\asm-5.0.4.jar;C:\Users\Dex Rhys\.m2\repository\jakarta\xml\bind\jakarta.xml.bind-api\2.3.3\jakarta.xml.bind-api-2.3.3.jar;C:\Users\Dex Rhys\.m2\repository\jakarta\activation\jakarta.activation-api\1.2.2\jakarta.activation-api-1.2.2.jar;C:\Users\Dex Rhys\.m2\repository\org\assertj\assertj-core\3.18.1\assertj-core-3.18.1.jar;C:\Users\Dex Rhys\.m2\repository\org\hamcrest\hamcrest\2.2\hamcrest-2.2.jar;C:\Users\Dex Rhys\.m2\repository\org\junit\jupiter\junit-jupiter\5.7.0\junit-jupiter-5.7.0.jar;C:\Users\Dex Rhys\.m2\repository\org\junit\jupiter\junit-jupiter-api\5.7.0\junit-jupiter-api-5.7.0.jar;C:\Users\Dex Rhys\.m2\repository\org\apiguardian\apiguardian-api\1.1.0\apiguardian-api-1.1.0.jar;C:\Users\Dex Rhys\.m2\repository\org\opentest4j\opentest4j\1.2.0\opentest4j-1.2.0.jar;C:\Users\Dex Rhys\.m2\repository\org\junit\platform\junit-platform-commons\1.7.0\junit-platform-commons-1.7.0.jar;C:\Users\Dex Rhys\.m2\repository\org\junit\jupiter\junit-jupiter-params\5.7.0\junit-jupiter-params-5.7.0.jar;C:\Users\Dex Rhys\.m2\repository\org\junit\jupiter\junit-jupiter-engine\5.7.0\junit-jupiter-engine-5.7.0.jar;C:\Users\Dex Rhys\.m2\repository\org\junit\platform\junit-platform-engine\1.7.0\junit-platform-engine-1.7.0.jar;C:\Users\Dex Rhys\.m2\repository\org\mockito\mockito-core\3.6.0\mockito-core-3.6.0.jar;C:\Users\Dex Rhys\.m2\repository\net\bytebuddy\byte-buddy-agent\1.10.18\byte-buddy-agent-1.10.18.jar;C:\Users\Dex Rhys\.m2\repository\org\objenesis\objenesis\3.1\objenesis-3.1.jar;C:\Users\Dex Rhys\.m2\repository\org\mockito\mockito-junit-jupiter\3.6.0\mockito-junit-jupiter-3.6.0.jar;C:\Users\Dex Rhys\.m2\repository\org\skyscreamer\jsonassert\1.5.0\jsonassert-1.5.0.jar;C:\Users\Dex Rhys\.m2\repository\com\vaadin\external\google\android-json\0.0.20131108.vaadin1\android-json-0.0.20131108.vaadin1.jar;C:\Users\Dex Rhys\.m2\repository\org\springframework\spring-core\5.3.1\spring-core-5.3.1.jar;C:\Users\Dex Rhys\.m2\repository\org\springframework\spring-jcl\5.3.1\spring-jcl-5.3.1.jar;C:\Users\Dex Rhys\.m2\repository\org\springframework\spring-test\5.3.1\spring-test-5.3.1.jar;C:\Users\Dex Rhys\.m2\repository\org\xmlunit\xmlunit-core\2.7.0\xmlunit-core-2.7.0.jar;"/>
    <property name="java.vm.vendor" value="Amazon.com Inc."/>
    <property name="sun.arch.data.model" value="64"/>
    <property name="user.variant" value=""/>
    <property name="java.vendor.url" value="https://aws.amazon.com/corretto/"/>
    <property name="user.timezone" value="America/New_York"/>
    <property name="java.vm.specification.version" value="11"/>
    <property name="os.name" value="Windows 10"/>
    <property name="sun.java.launcher" value="SUN_STANDARD"/>
    <property name="user.country" value="US"/>
    <property name="sun.boot.library.path" value="C:\Users\Dex Rhys\.jdks\corretto-11.0.15\bin"/>
    <property name="sun.java.command" value="C:\Users\DEXRHY~1\AppData\Local\Temp\surefire6287470557769557392\surefirebooter1158168578486914870.jar C:\Users\Dex Rhys\AppData\Local\Temp\surefire6287470557769557392 2022-05-27T13-40-17_604-jvmRun1 surefire18276059539420651332tmp surefire_06369825650797403151tmp"/>
    <property name="jdk.debug" value="release"/>
    <property name="surefire.test.class.path" value="S:\Users\Dex Rhys\Documents\ecommerce-project-release-3.0\backend\target\test-classes;S:\Users\Dex Rhys\Documents\ecommerce-project-release-3.0\backend\target\classes;C:\Users\Dex Rhys\.m2\repository\com\microsoft\azure\applicationinsights-spring-boot-starter\2.6.0\applicationinsights-spring-boot-starter-2.6.0.jar;C:\Users\Dex Rhys\.m2\repository\com\microsoft\azure\applicationinsights-web\2.6.0\applicationinsights-web-2.6.0.jar;C:\Users\Dex Rhys\.m2\repository\com\microsoft\azure\applicationinsights-logging-logback\2.6.4\applicationinsights-logging-logback-2.6.4.jar;C:\Users\Dex Rhys\.m2\repository\com\microsoft\azure\applicationinsights-core\2.6.4\applicationinsights-core-2.6.4.jar;C:\Users\Dex Rhys\.m2\repository\ch\qos\logback\logback-classic\1.2.3\logback-classic-1.2.3.jar;C:\Users\Dex Rhys\.m2\repository\org\slf4j\slf4j-api\1.7.30\slf4j-api-1.7.30.jar;C:\Users\Dex Rhys\.m2\repository\ch\qos\logback\logback-core\1.2.3\logback-core-1.2.3.jar;C:\Users\Dex Rhys\.m2\repository\com\stripe\stripe-java\20.123.0\stripe-java-20.123.0.jar;C:\Users\Dex Rhys\.m2\repository\com\google\code\gson\gson\2.8.6\gson-2.8.6.jar;C:\Users\Dex Rhys\.m2\repository\com\okta\spring\okta-spring-boot-starter\2.1.5\okta-spring-boot-starter-2.1.5.jar;C:\Users\Dex Rhys\.m2\repository\com\okta\spring\okta-spring-security-oauth2\2.1.5\okta-spring-security-oauth2-2.1.5.jar;C:\Users\Dex Rhys\.m2\repository\javax\validation\validation-api\2.0.1.Final\validation-api-2.0.1.Final.jar;C:\Users\Dex Rhys\.m2\repository\com\okta\commons\okta-config-check\1.3.0\okta-config-check-1.3.0.jar;C:\Users\Dex Rhys\.m2\repository\com\okta\commons\okta-commons-lang\1.3.0\okta-commons-lang-1.3.0.jar;C:\Users\Dex Rhys\.m2\repository\org\springframework\security\spring-security-config\5.4.1\spring-security-config-5.4.1.jar;C:\Users\Dex Rhys\.m2\repository\org\springframework\security\spring-security-core\5.4.1\spring-security-core-5.4.1.jar;C:\Users\Dex Rhys\.m2\repository\org\springframework\boot\spring-boot-starter-security\2.4.0\spring-boot-starter-security-2.4.0.jar;C:\Users\Dex Rhys\.m2\repository\org\springframework\security\spring-security-web\5.4.1\spring-security-web-5.4.1.jar;C:\Users\Dex Rhys\.m2\repository\org\springframework\security\spring-security-oauth2-client\5.4.1\spring-security-oauth2-client-5.4.1.jar;C:\Users\Dex Rhys\.m2\repository\com\nimbusds\oauth2-oidc-sdk\8.23.1\oauth2-oidc-sdk-8.23.1.jar;C:\Users\Dex Rhys\.m2\repository\com\github\stephenc\jcip\jcip-annotations\1.0-1\jcip-annotations-1.0-1.jar;C:\Users\Dex Rhys\.m2\repository\com\nimbusds\content-type\2.1\content-type-2.1.jar;C:\Users\Dex Rhys\.m2\repository\com\nimbusds\lang-tag\1.4.4\lang-tag-1.4.4.jar;C:\Users\Dex Rhys\.m2\repository\org\springframework\security\spring-security-oauth2-core\5.4.1\spring-security-oauth2-core-5.4.1.jar;C:\Users\Dex Rhys\.m2\repository\org\springframework\security\spring-security-oauth2-jose\5.4.1\spring-security-oauth2-jose-5.4.1.jar;C:\Users\Dex Rhys\.m2\repository\com\nimbusds\nimbus-jose-jwt\9.1.2\nimbus-jose-jwt-9.1.2.jar;C:\Users\Dex Rhys\.m2\repository\org\springframework\security\spring-security-oauth2-resource-server\5.4.1\spring-security-oauth2-resource-server-5.4.1.jar;C:\Users\Dex Rhys\.m2\repository\com\okta\spring\okta-spring-sdk\2.1.5\okta-spring-sdk-2.1.5.jar;C:\Users\Dex Rhys\.m2\repository\org\springframework\boot\spring-boot\2.4.0\spring-boot-2.4.0.jar;C:\Users\Dex Rhys\.m2\repository\org\springframework\boot\spring-boot-autoconfigure\2.4.0\spring-boot-autoconfigure-2.4.0.jar;C:\Users\Dex Rhys\.m2\repository\org\springframework\boot\spring-boot-starter-data-jpa\2.4.0\spring-boot-starter-data-jpa-2.4.0.jar;C:\Users\Dex Rhys\.m2\repository\org\springframework\boot\spring-boot-starter-aop\2.4.0\spring-boot-starter-aop-2.4.0.jar;C:\Users\Dex Rhys\.m2\repository\org\springframework\spring-aop\5.3.1\spring-aop-5.3.1.jar;C:\Users\Dex Rhys\.m2\repository\org\aspectj\aspectjweaver\1.9.6\aspectjweaver-1.9.6.jar;C:\Users\Dex Rhys\.m2\repository\org\springframework\boot\spring-boot-starter-jdbc\2.4.0\spring-boot-starter-jdbc-2.4.0.jar;C:\Users\Dex Rhys\.m2\repository\com\zaxxer\HikariCP\3.4.5\HikariCP-3.4.5.jar;C:\Users\Dex Rhys\.m2\repository\org\springframework\spring-jdbc\5.3.1\spring-jdbc-5.3.1.jar;C:\Users\Dex Rhys\.m2\repository\jakarta\transaction\jakarta.transaction-api\1.3.3\jakarta.transaction-api-1.3.3.jar;C:\Users\Dex Rhys\.m2\repository\jakarta\persistence\jakarta.persistence-api\2.2.3\jakarta.persistence-api-2.2.3.jar;C:\Users\Dex Rhys\.m2\repository\org\hibernate\hibernate-core\5.4.23.Final\hibernate-core-5.4.23.Final.jar;C:\Users\Dex Rhys\.m2\repository\org\jboss\logging\jboss-logging\3.4.1.Final\jboss-logging-3.4.1.Final.jar;C:\Users\Dex Rhys\.m2\repository\org\javassist\javassist\3.24.0-GA\javassist-3.24.0-GA.jar;C:\Users\Dex Rhys\.m2\repository\net\bytebuddy\byte-buddy\1.10.18\byte-buddy-1.10.18.jar;C:\Users\Dex Rhys\.m2\repository\antlr\antlr\2.7.7\antlr-2.7.7.jar;C:\Users\Dex Rhys\.m2\repository\org\jboss\jandex\2.1.3.Final\jandex-2.1.3.Final.jar;C:\Users\Dex Rhys\.m2\repository\com\fasterxml\classmate\1.5.1\classmate-1.5.1.jar;C:\Users\Dex Rhys\.m2\repository\org\dom4j\dom4j\2.1.3\dom4j-2.1.3.jar;C:\Users\Dex Rhys\.m2\repository\org\hibernate\common\hibernate-commons-annotations\5.1.2.Final\hibernate-commons-annotations-5.1.2.Final.jar;C:\Users\Dex Rhys\.m2\repository\org\glassfish\jaxb\jaxb-runtime\2.3.3\jaxb-runtime-2.3.3.jar;C:\Users\Dex Rhys\.m2\repository\org\glassfish\jaxb\txw2\2.3.3\txw2-2.3.3.jar;C:\Users\Dex Rhys\.m2\repository\com\sun\istack\istack-commons-runtime\3.0.11\istack-commons-runtime-3.0.11.jar;C:\Users\Dex Rhys\.m2\repository\com\sun\activation\jakarta.activation\1.2.2\jakarta.activation-1.2.2.jar;C:\Users\Dex Rhys\.m2\repository\org\springframework\data\spring-data-jpa\2.4.1\spring-data-jpa-2.4.1.jar;C:\Users\Dex Rhys\.m2\repository\org\springframework\data\spring-data-commons\2.4.1\spring-data-commons-2.4.1.jar;C:\Users\Dex Rhys\.m2\repository\org\springframework\spring-orm\5.3.1\spring-orm-5.3.1.jar;C:\Users\Dex Rhys\.m2\repository\org\springframework\spring-context\5.3.1\spring-context-5.3.1.jar;C:\Users\Dex Rhys\.m2\repository\org\springframework\spring-expression\5.3.1\spring-expression-5.3.1.jar;C:\Users\Dex Rhys\.m2\repository\org\springframework\spring-tx\5.3.1\spring-tx-5.3.1.jar;C:\Users\Dex Rhys\.m2\repository\org\springframework\spring-beans\5.3.1\spring-beans-5.3.1.jar;C:\Users\Dex Rhys\.m2\repository\org\springframework\spring-aspects\5.3.1\spring-aspects-5.3.1.jar;C:\Users\Dex Rhys\.m2\repository\org\springframework\boot\spring-boot-starter-data-rest\2.4.0\spring-boot-starter-data-rest-2.4.0.jar;C:\Users\Dex Rhys\.m2\repository\org\springframework\boot\spring-boot-starter-web\2.4.0\spring-boot-starter-web-2.4.0.jar;C:\Users\Dex Rhys\.m2\repository\org\springframework\boot\spring-boot-starter-json\2.4.0\spring-boot-starter-json-2.4.0.jar;C:\Users\Dex Rhys\.m2\repository\com\fasterxml\jackson\datatype\jackson-datatype-jdk8\2.11.3\jackson-datatype-jdk8-2.11.3.jar;C:\Users\Dex Rhys\.m2\repository\com\fasterxml\jackson\datatype\jackson-datatype-jsr310\2.11.3\jackson-datatype-jsr310-2.11.3.jar;C:\Users\Dex Rhys\.m2\repository\com\fasterxml\jackson\module\jackson-module-parameter-names\2.11.3\jackson-module-parameter-names-2.11.3.jar;C:\Users\Dex Rhys\.m2\repository\org\springframework\boot\spring-boot-starter-tomcat\2.4.0\spring-boot-starter-tomcat-2.4.0.jar;C:\Users\Dex Rhys\.m2\repository\org\apache\tomcat\embed\tomcat-embed-core\9.0.39\tomcat-embed-core-9.0.39.jar;C:\Users\Dex Rhys\.m2\repository\org\glassfish\jakarta.el\3.0.3\jakarta.el-3.0.3.jar;C:\Users\Dex Rhys\.m2\repository\org\apache\tomcat\embed\tomcat-embed-websocket\9.0.39\tomcat-embed-websocket-9.0.39.jar;C:\Users\Dex Rhys\.m2\repository\org\springframework\spring-web\5.3.1\spring-web-5.3.1.jar;C:\Users\Dex Rhys\.m2\repository\org\springframework\spring-webmvc\5.3.1\spring-webmvc-5.3.1.jar;C:\Users\Dex Rhys\.m2\repository\org\springframework\data\spring-data-rest-webmvc\3.4.1\spring-data-rest-webmvc-3.4.1.jar;C:\Users\Dex Rhys\.m2\repository\org\springframework\data\spring-data-rest-core\3.4.1\spring-data-rest-core-3.4.1.jar;C:\Users\Dex Rhys\.m2\repository\org\springframework\hateoas\spring-hateoas\1.2.1\spring-hateoas-1.2.1.jar;C:\Users\Dex Rhys\.m2\repository\org\springframework\plugin\spring-plugin-core\2.0.0.RELEASE\spring-plugin-core-2.0.0.RELEASE.jar;C:\Users\Dex Rhys\.m2\repository\org\atteo\evo-inflector\1.2.2\evo-inflector-1.2.2.jar;C:\Users\Dex Rhys\.m2\repository\com\fasterxml\jackson\core\jackson-databind\2.11.3\jackson-databind-2.11.3.jar;C:\Users\Dex Rhys\.m2\repository\com\fasterxml\jackson\core\jackson-core\2.11.3\jackson-core-2.11.3.jar;C:\Users\Dex Rhys\.m2\repository\com\fasterxml\jackson\core\jackson-annotations\2.11.3\jackson-annotations-2.11.3.jar;C:\Users\Dex Rhys\.m2\repository\mysql\mysql-connector-java\8.0.22\mysql-connector-java-8.0.22.jar;C:\Users\Dex Rhys\.m2\repository\org\projectlombok\lombok\1.18.16\lombok-1.18.16.jar;C:\Users\Dex Rhys\.m2\repository\org\springframework\boot\spring-boot-starter-test\2.4.0\spring-boot-starter-test-2.4.0.jar;C:\Users\Dex Rhys\.m2\repository\org\springframework\boot\spring-boot-starter\2.4.0\spring-boot-starter-2.4.0.jar;C:\Users\Dex Rhys\.m2\repository\org\springframework\boot\spring-boot-starter-logging\2.4.0\spring-boot-starter-logging-2.4.0.jar;C:\Users\Dex Rhys\.m2\repository\org\apache\logging\log4j\log4j-to-slf4j\2.13.3\log4j-to-slf4j-2.13.3.jar;C:\Users\Dex Rhys\.m2\repository\org\apache\logging\log4j\log4j-api\2.13.3\log4j-api-2.13.3.jar;C:\Users\Dex Rhys\.m2\repository\org\slf4j\jul-to-slf4j\1.7.30\jul-to-slf4j-1.7.30.jar;C:\Users\Dex Rhys\.m2\repository\jakarta\annotation\jakarta.annotation-api\1.3.5\jakarta.annotation-api-1.3.5.jar;C:\Users\Dex Rhys\.m2\repository\org\yaml\snakeyaml\1.27\snakeyaml-1.27.jar;C:\Users\Dex Rhys\.m2\repository\org\springframework\boot\spring-boot-test\2.4.0\spring-boot-test-2.4.0.jar;C:\Users\Dex Rhys\.m2\repository\org\springframework\boot\spring-boot-test-autoconfigure\2.4.0\spring-boot-test-autoconfigure-2.4.0.jar;C:\Users\Dex Rhys\.m2\repository\com\jayway\jsonpath\json-path\2.4.0\json-path-2.4.0.jar;C:\Users\Dex Rhys\.m2\repository\net\minidev\json-smart\2.3\json-smart-2.3.jar;C:\Users\Dex Rhys\.m2\repository\net\minidev\accessors-smart\1.2\accessors-smart-1.2.jar;C:\Users\Dex Rhys\.m2\repository\org\ow2\asm\asm\5.0.4\asm-5.0.4.jar;C:\Users\Dex Rhys\.m2\repository\jakarta\xml\bind\jakarta.xml.bind-api\2.3.3\jakarta.xml.bind-api-2.3.3.jar;C:\Users\Dex Rhys\.m2\repository\jakarta\activation\jakarta.activation-api\1.2.2\jakarta.activation-api-1.2.2.jar;C:\Users\Dex Rhys\.m2\repository\org\assertj\assertj-core\3.18.1\assertj-core-3.18.1.jar;C:\Users\Dex Rhys\.m2\repository\org\hamcrest\hamcrest\2.2\hamcrest-2.2.jar;C:\Users\Dex Rhys\.m2\repository\org\junit\jupiter\junit-jupiter\5.7.0\junit-jupiter-5.7.0.jar;C:\Users\Dex Rhys\.m2\repository\org\junit\jupiter\junit-jupiter-api\5.7.0\junit-jupiter-api-5.7.0.jar;C:\Users\Dex Rhys\.m2\repository\org\apiguardian\apiguardian-api\1.1.0\apiguardian-api-1.1.0.jar;C:\Users\Dex Rhys\.m2\repository\org\opentest4j\opentest4j\1.2.0\opentest4j-1.2.0.jar;C:\Users\Dex Rhys\.m2\repository\org\junit\platform\junit-platform-commons\1.7.0\junit-platform-commons-1.7.0.jar;C:\Users\Dex Rhys\.m2\repository\org\junit\jupiter\junit-jupiter-params\5.7.0\junit-jupiter-params-5.7.0.jar;C:\Users\Dex Rhys\.m2\repository\org\junit\jupiter\junit-jupiter-engine\5.7.0\junit-jupiter-engine-5.7.0.jar;C:\Users\Dex Rhys\.m2\repository\org\junit\platform\junit-platform-engine\1.7.0\junit-platform-engine-1.7.0.jar;C:\Users\Dex Rhys\.m2\repository\org\mockito\mockito-core\3.6.0\mockito-core-3.6.0.jar;C:\Users\Dex Rhys\.m2\repository\net\bytebuddy\byte-buddy-agent\1.10.18\byte-buddy-agent-1.10.18.jar;C:\Users\Dex Rhys\.m2\repository\org\objenesis\objenesis\3.1\objenesis-3.1.jar;C:\Users\Dex Rhys\.m2\repository\org\mockito\mockito-junit-jupiter\3.6.0\mockito-junit-jupiter-3.6.0.jar;C:\Users\Dex Rhys\.m2\repository\org\skyscreamer\jsonassert\1.5.0\jsonassert-1.5.0.jar;C:\Users\Dex Rhys\.m2\repository\com\vaadin\external\google\android-json\0.0.20131108.vaadin1\android-json-0.0.20131108.vaadin1.jar;C:\Users\Dex Rhys\.m2\repository\org\springframework\spring-core\5.3.1\spring-core-5.3.1.jar;C:\Users\Dex Rhys\.m2\repository\org\springframework\spring-jcl\5.3.1\spring-jcl-5.3.1.jar;C:\Users\Dex Rhys\.m2\repository\org\springframework\spring-test\5.3.1\spring-test-5.3.1.jar;C:\Users\Dex Rhys\.m2\repository\org\xmlunit\xmlunit-core\2.7.0\xmlunit-core-2.7.0.jar;"/>
    <property name="sun.cpu.endian" value="little"/>
    <property name="user.home" value="C:\Users\Dex Rhys"/>
    <property name="user.language" value="en"/>
    <property name="java.specification.vendor" value="Oracle Corporation"/>
    <property name="java.version.date" value="2022-04-19"/>
    <property name="java.home" value="C:\Users\Dex Rhys\.jdks\corretto-11.0.15"/>
    <property name="file.separator" value="\"/>
    <property name="basedir" value="S:\Users\Dex Rhys\Documents\ecommerce-project-release-3.0\backend"/>
    <property name="java.vm.compressedOopsMode" value="Zero based"/>
    <property name="line.separator" value="&#10;"/>
    <property name="java.specification.name" value="Java Platform API Specification"/>
    <property name="java.vm.specification.vendor" value="Oracle Corporation"/>
    <property name="java.awt.graphicsenv" value="sun.awt.Win32GraphicsEnvironment"/>
    <property name="surefire.real.class.path" value="C:\Users\DEXRHY~1\AppData\Local\Temp\surefire6287470557769557392\surefirebooter1158168578486914870.jar"/>
    <property name="user.script" value=""/>
    <property name="sun.management.compiler" value="HotSpot 64-Bit Tiered Compilers"/>
    <property name="java.runtime.version" value="11.0.15+9-LTS"/>
    <property name="user.name" value="Dex Rhys"/>
    <property name="path.separator" value=";"/>
    <property name="os.version" value="10.0"/>
    <property name="java.runtime.name" value="OpenJDK Runtime Environment"/>
    <property name="file.encoding" value="Cp1252"/>
    <property name="java.vm.name" value="OpenJDK 64-Bit Server VM"/>
    <property name="java.vendor.version" value="Corretto-11.0.15.9.1"/>
    <property name="localRepository" value="C:\Users\Dex Rhys\.m2\repository"/>
    <property name="java.vendor.url.bug" value="https://github.com/corretto/corretto-11/issues/"/>
    <property name="java.io.tmpdir" value="C:\Users\DEXRHY~1\AppData\Local\Temp\"/>
    <property name="idea.version" value="2022.1"/>
    <property name="java.version" value="11.0.15"/>
    <property name="user.dir" value="S:\Users\Dex Rhys\Documents\ecommerce-project-release-3.0\backend"/>
    <property name="os.arch" value="amd64"/>
    <property name="java.vm.specification.name" value="Java Virtual Machine Specification"/>
    <property name="java.awt.printerjob" value="sun.awt.windows.WPrinterJob"/>
    <property name="sun.os.patch.level" value=""/>
    <property name="java.library.path" value="C:\Users\Dex Rhys\.jdks\corretto-11.0.15\bin;C:\WINDOWS\Sun\Java\bin;C:\WINDOWS\system32;C:\WINDOWS;C:\Program Files\OpenSSL-Win64\bin;C:\Program Files (x86)\Common Files\Oracle\Java\javapath;C:\Program Files\Eclipse Adoptium\jdk-17.0.2.8-hotspot\bin;C:\Program Files\Microsoft\jdk-17.0.2.8-hotspot\bin;C:\Program Files\Oculus\Support\oculus-runtime;C:\Program Files (x86)\Razer Chroma SDK\bin;C:\Program Files\Razer Chroma SDK\bin;C:\Program Files (x86)\Razer\ChromaBroadcast\bin;C:\Program Files\Razer\ChromaBroadcast\bin;C:\Windows\system32;C:\Windows;C:\Windows\System32\Wbem;C:\Windows\System32\WindowsPowerShell\v1.0\;C:\Windows\System32\OpenSSH\;C:\Windows\system32\config\systemprofile\AppData\Local\Microsoft\WindowsApps;C:\Program Files\Microsoft SQL Server\120\Tools\Binn\;C:\WINDOWS\system32;C:\WINDOWS;C:\WINDOWS\System32\Wbem;C:\WINDOWS\System32\WindowsPowerShell\v1.0\;C:\WINDOWS\System32\OpenSSH\;C:\ProgramData\chocolatey\bin;C:\Program Files (x86)\dotnet\;C:\Program Files\Java\jdk1.8.0_211\bin;C:\ProgramData\chocolatey\lib\maven\apache-maven-3.8.5\bin;C:\Program Files\Git\cmd;C:\Program Files\Microsoft VS Code\bin;C:\Program Files\nodejs\;C:\Program Files (x86)\NVIDIA Corporation\PhysX\Common;C:\Program Files\NVIDIA Corporation\NVIDIA NvDLISR;C:\Users\Dex Rhys\AppData\Local\Microsoft\WindowsApps;C:\Users\Dex Rhys\AppData\Local\Programs\Microsoft VS Code\bin;C:\tools\mysql\current\bin;C:\Users\Dex Rhys\AppData\Roaming\npm;C:\Program Files\Java\jdk1.8.0_211\bin;;C:\Program Files\JetBrains\IntelliJ IDEA 2022.1\bin;;."/>
    <property name="java.vm.info" value="mixed mode"/>
    <property name="java.vendor" value="Amazon.com Inc."/>
    <property name="java.vm.version" value="11.0.15+9-LTS"/>
    <property name="sun.io.unicode.encoding" value="UnicodeLittle"/>
    <property name="java.class.version" value="55.0"/>
  </properties>
  <testcase name="testCreatePaymentIntent2" classname="com.luv2code.ecommerce.service.CheckoutServiceImplTest" time="0">
    <skipped message="TODO: Complete this test"/>
    <system-out><![CDATA[13:40:18.812 [main] DEBUG org.springframework.test.context.BootstrapUtils - Instantiating CacheAwareContextLoaderDelegate from class [org.springframework.test.context.cache.DefaultCacheAwareContextLoaderDelegate]
13:40:18.836 [main] DEBUG org.springframework.test.context.BootstrapUtils - Instantiating BootstrapContext using constructor [public org.springframework.test.context.support.DefaultBootstrapContext(java.lang.Class,org.springframework.test.context.CacheAwareContextLoaderDelegate)]
13:40:18.878 [main] DEBUG org.springframework.test.context.BootstrapUtils - Instantiating TestContextBootstrapper for test class [com.luv2code.ecommerce.service.CheckoutServiceImplTest] from class [org.springframework.test.context.support.DefaultTestContextBootstrapper]
13:40:18.909 [main] DEBUG org.springframework.test.context.support.AbstractDelegatingSmartContextLoader - Delegating to AnnotationConfigContextLoader to process context configuration [ContextConfigurationAttributes@3b353651 declaringClass = 'com.luv2code.ecommerce.service.CheckoutServiceImplTest', classes = '{class com.luv2code.ecommerce.service.CheckoutServiceImpl, class java.lang.String}', locations = '{}', inheritLocations = true, initializers = '{}', inheritInitializers = true, name = [null], contextLoaderClass = 'org.springframework.test.context.ContextLoader'].
13:40:19.034 [main] DEBUG org.springframework.test.context.support.ActiveProfilesUtils - Could not find an 'annotation declaring class' for annotation type [org.springframework.test.context.ActiveProfiles] and class [com.luv2code.ecommerce.service.CheckoutServiceImplTest]
13:40:19.035 [main] DEBUG org.springframework.test.context.support.DefaultTestContextBootstrapper - @TestExecutionListeners is not present for class [com.luv2code.ecommerce.service.CheckoutServiceImplTest]: using defaults.
13:40:19.036 [main] INFO org.springframework.test.context.support.DefaultTestContextBootstrapper - Loaded default TestExecutionListener class names from location [META-INF/spring.factories]: [org.springframework.boot.test.mock.mockito.MockitoTestExecutionListener, org.springframework.boot.test.mock.mockito.ResetMocksTestExecutionListener, org.springframework.boot.test.autoconfigure.restdocs.RestDocsTestExecutionListener, org.springframework.boot.test.autoconfigure.web.client.MockRestServiceServerResetTestExecutionListener, org.springframework.boot.test.autoconfigure.web.servlet.MockMvcPrintOnlyOnFailureTestExecutionListener, org.springframework.boot.test.autoconfigure.web.servlet.WebDriverTestExecutionListener, org.springframework.boot.test.autoconfigure.webservices.client.MockWebServiceServerTestExecutionListener, org.springframework.test.context.web.ServletTestExecutionListener, org.springframework.test.context.support.DirtiesContextBeforeModesTestExecutionListener, org.springframework.test.context.support.DependencyInjectionTestExecutionListener, org.springframework.test.context.support.DirtiesContextTestExecutionListener, org.springframework.test.context.transaction.TransactionalTestExecutionListener, org.springframework.test.context.jdbc.SqlScriptsTestExecutionListener, org.springframework.test.context.event.EventPublishingTestExecutionListener]
13:40:19.063 [main] INFO org.springframework.test.context.support.DefaultTestContextBootstrapper - Using TestExecutionListeners: [org.springframework.test.context.web.ServletTestExecutionListener@5eb87338, org.springframework.test.context.support.DirtiesContextBeforeModesTestExecutionListener@2b999ee8, org.springframework.boot.test.mock.mockito.MockitoTestExecutionListener@31ab1e67, org.springframework.test.context.support.DependencyInjectionTestExecutionListener@29bbc391, org.springframework.test.context.support.DirtiesContextTestExecutionListener@3487442d, org.springframework.test.context.transaction.TransactionalTestExecutionListener@530ee28b, org.springframework.test.context.jdbc.SqlScriptsTestExecutionListener@3a3f96ab, org.springframework.test.context.event.EventPublishingTestExecutionListener@4def7d36, org.springframework.boot.test.mock.mockito.ResetMocksTestExecutionListener@43c7fe8a, org.springframework.boot.test.autoconfigure.restdocs.RestDocsTestExecutionListener@67f946c3, org.springframework.boot.test.autoconfigure.web.client.MockRestServiceServerResetTestExecutionListener@21b51e59, org.springframework.boot.test.autoconfigure.web.servlet.MockMvcPrintOnlyOnFailureTestExecutionListener@1785d194, org.springframework.boot.test.autoconfigure.web.servlet.WebDriverTestExecutionListener@6b4a4e40, org.springframework.boot.test.autoconfigure.webservices.client.MockWebServiceServerTestExecutionListener@46a8c2b4]
13:40:19.064 [main] DEBUG org.springframework.test.context.support.AbstractDirtiesContextTestExecutionListener - Before test class: context [DefaultTestContext@6812c8cc testClass = CheckoutServiceImplTest, testInstance = [null], testMethod = [null], testException = [null], mergedContextConfiguration = [MergedContextConfiguration@3457cc8d testClass = CheckoutServiceImplTest, locations = '{}', classes = '{class com.luv2code.ecommerce.service.CheckoutServiceImpl, class java.lang.String}', contextInitializerClasses = '[]', activeProfiles = '{}', propertySourceLocations = '{}', propertySourceProperties = '{}', contextCustomizers = set[org.springframework.boot.test.context.filter.ExcludeFilterContextCustomizer@78b7f805, org.springframework.boot.test.json.DuplicateJsonObjectContextCustomizerFactory$DuplicateJsonObjectContextCustomizer@5ae15, org.springframework.boot.test.mock.mockito.MockitoContextCustomizer@99845a43, org.springframework.boot.test.autoconfigure.actuate.metrics.MetricsExportContextCustomizerFactory$DisableMetricExportContextCustomizer@7df6d663, org.springframework.boot.test.autoconfigure.properties.PropertyMappingContextCustomizer@0, org.springframework.boot.test.autoconfigure.web.servlet.WebDriverContextCustomizerFactory$Customizer@38588dea], contextLoader = 'org.springframework.test.context.support.DelegatingSmartContextLoader', parent = [null]], attributes = map[[empty]]], class annotated with @DirtiesContext [false] with mode [null].
13:40:19.080 [main] DEBUG org.springframework.test.context.support.AbstractDelegatingSmartContextLoader - Delegating to AnnotationConfigContextLoader to load context from [MergedContextConfiguration@3457cc8d testClass = CheckoutServiceImplTest, locations = '{}', classes = '{class com.luv2code.ecommerce.service.CheckoutServiceImpl, class java.lang.String}', contextInitializerClasses = '[]', activeProfiles = '{}', propertySourceLocations = '{}', propertySourceProperties = '{}', contextCustomizers = set[org.springframework.boot.test.context.filter.ExcludeFilterContextCustomizer@78b7f805, org.springframework.boot.test.json.DuplicateJsonObjectContextCustomizerFactory$DuplicateJsonObjectContextCustomizer@5ae15, org.springframework.boot.test.mock.mockito.MockitoContextCustomizer@99845a43, org.springframework.boot.test.autoconfigure.actuate.metrics.MetricsExportContextCustomizerFactory$DisableMetricExportContextCustomizer@7df6d663, org.springframework.boot.test.autoconfigure.properties.PropertyMappingContextCustomizer@0, org.springframework.boot.test.autoconfigure.web.servlet.WebDriverContextCustomizerFactory$Customizer@38588dea], contextLoader = 'org.springframework.test.context.support.DelegatingSmartContextLoader', parent = [null]].
13:40:19.080 [main] DEBUG org.springframework.test.context.support.AbstractGenericContextLoader - Loading ApplicationContext for merged context configuration [[MergedContextConfiguration@3457cc8d testClass = CheckoutServiceImplTest, locations = '{}', classes = '{class com.luv2code.ecommerce.service.CheckoutServiceImpl, class java.lang.String}', contextInitializerClasses = '[]', activeProfiles = '{}', propertySourceLocations = '{}', propertySourceProperties = '{}', contextCustomizers = set[org.springframework.boot.test.context.filter.ExcludeFilterContextCustomizer@78b7f805, org.springframework.boot.test.json.DuplicateJsonObjectContextCustomizerFactory$DuplicateJsonObjectContextCustomizer@5ae15, org.springframework.boot.test.mock.mockito.MockitoContextCustomizer@99845a43, org.springframework.boot.test.autoconfigure.actuate.metrics.MetricsExportContextCustomizerFactory$DisableMetricExportContextCustomizer@7df6d663, org.springframework.boot.test.autoconfigure.properties.PropertyMappingContextCustomizer@0, org.springframework.boot.test.autoconfigure.web.servlet.WebDriverContextCustomizerFactory$Customizer@38588dea], contextLoader = 'org.springframework.test.context.support.DelegatingSmartContextLoader', parent = [null]]].
13:40:19.150 [main] DEBUG org.springframework.core.env.StandardEnvironment - Activating profiles []
13:40:19.150 [main] DEBUG org.springframework.test.context.support.AnnotationConfigContextLoader - Registering component classes: {class com.luv2code.ecommerce.service.CheckoutServiceImpl, class java.lang.String}
13:40:19.204 [main] DEBUG org.springframework.context.support.GenericApplicationContext - Refreshing org.springframework.context.support.GenericApplicationContext@2d70f312
13:40:19.216 [main] DEBUG org.springframework.beans.factory.support.DefaultListableBeanFactory - Creating shared instance of singleton bean 'org.springframework.context.annotation.internalConfigurationAnnotationProcessor'
13:40:19.315 [main] DEBUG org.springframework.beans.factory.support.DefaultListableBeanFactory - Creating shared instance of singleton bean 'org.springframework.boot.test.mock.mockito.MockitoPostProcessor'
13:40:19.887 [main] DEBUG org.springframework.beans.factory.support.DefaultListableBeanFactory - Creating shared instance of singleton bean 'org.springframework.context.event.internalEventListenerProcessor'
13:40:19.889 [main] DEBUG org.springframework.beans.factory.support.DefaultListableBeanFactory - Creating shared instance of singleton bean 'org.springframework.context.event.internalEventListenerFactory'
13:40:19.891 [main] DEBUG org.springframework.beans.factory.support.DefaultListableBeanFactory - Creating shared instance of singleton bean 'org.springframework.context.annotation.internalAutowiredAnnotationProcessor'
13:40:19.893 [main] DEBUG org.springframework.beans.factory.support.DefaultListableBeanFactory - Creating shared instance of singleton bean 'org.springframework.context.annotation.internalCommonAnnotationProcessor'
13:40:19.898 [main] DEBUG org.springframework.beans.factory.support.DefaultListableBeanFactory - Creating shared instance of singleton bean 'org.springframework.context.annotation.internalPersistenceAnnotationProcessor'
13:40:19.898 [main] DEBUG org.springframework.beans.factory.support.DefaultListableBeanFactory - Creating shared instance of singleton bean 'org.springframework.boot.test.mock.mockito.MockitoPostProcessor$SpyPostProcessor'
13:40:19.916 [main] DEBUG org.springframework.beans.factory.support.DefaultListableBeanFactory - Creating shared instance of singleton bean 'checkoutServiceImpl'
13:40:19.937 [main] DEBUG org.springframework.beans.factory.support.DefaultListableBeanFactory - Autowiring by type from bean name 'checkoutServiceImpl' via constructor to bean named 'com.luv2code.ecommerce.dao.CustomerRepository#0'
13:40:19.961 [main] DEBUG org.springframework.beans.factory.support.DefaultListableBeanFactory - Creating shared instance of singleton bean 'string'
13:40:19.973 [main] DEBUG org.springframework.test.context.cache.DefaultCacheAwareContextLoaderDelegate - Storing ApplicationContext [762376978] in cache under key [[MergedContextConfiguration@3457cc8d testClass = CheckoutServiceImplTest, locations = '{}', classes = '{class com.luv2code.ecommerce.service.CheckoutServiceImpl, class java.lang.String}', contextInitializerClasses = '[]', activeProfiles = '{}', propertySourceLocations = '{}', propertySourceProperties = '{}', contextCustomizers = set[org.springframework.boot.test.context.filter.ExcludeFilterContextCustomizer@78b7f805, org.springframework.boot.test.json.DuplicateJsonObjectContextCustomizerFactory$DuplicateJsonObjectContextCustomizer@5ae15, org.springframework.boot.test.mock.mockito.MockitoContextCustomizer@99845a43, org.springframework.boot.test.autoconfigure.actuate.metrics.MetricsExportContextCustomizerFactory$DisableMetricExportContextCustomizer@7df6d663, org.springframework.boot.test.autoconfigure.properties.PropertyMappingContextCustomizer@0, org.springframework.boot.test.autoconfigure.web.servlet.WebDriverContextCustomizerFactory$Customizer@38588dea], contextLoader = 'org.springframework.test.context.support.DelegatingSmartContextLoader', parent = [null]]]
13:40:19.974 [main] DEBUG org.springframework.test.context.cache - Spring test ApplicationContext cache statistics: [DefaultContextCache@41e156ee size = 1, maxSize = 32, parentContextCount = 0, hitCount = 0, missCount = 1]
13:40:19.975 [main] DEBUG org.springframework.test.context.support.DependencyInjectionTestExecutionListener - Performing dependency injection for test context [[DefaultTestContext@6812c8cc testClass = CheckoutServiceImplTest, testInstance = com.luv2code.ecommerce.service.CheckoutServiceImplTest@7a1587e8, testMethod = [null], testException = [null], mergedContextConfiguration = [MergedContextConfiguration@3457cc8d testClass = CheckoutServiceImplTest, locations = '{}', classes = '{class com.luv2code.ecommerce.service.CheckoutServiceImpl, class java.lang.String}', contextInitializerClasses = '[]', activeProfiles = '{}', propertySourceLocations = '{}', propertySourceProperties = '{}', contextCustomizers = set[org.springframework.boot.test.context.filter.ExcludeFilterContextCustomizer@78b7f805, org.springframework.boot.test.json.DuplicateJsonObjectContextCustomizerFactory$DuplicateJsonObjectContextCustomizer@5ae15, org.springframework.boot.test.mock.mockito.MockitoContextCustomizer@99845a43, org.springframework.boot.test.autoconfigure.actuate.metrics.MetricsExportContextCustomizerFactory$DisableMetricExportContextCustomizer@7df6d663, org.springframework.boot.test.autoconfigure.properties.PropertyMappingContextCustomizer@0, org.springframework.boot.test.autoconfigure.web.servlet.WebDriverContextCustomizerFactory$Customizer@38588dea], contextLoader = 'org.springframework.test.context.support.DelegatingSmartContextLoader', parent = [null]], attributes = map[[empty]]]].
13:40:19.975 [main] DEBUG org.springframework.test.context.cache.DefaultCacheAwareContextLoaderDelegate - Retrieved ApplicationContext [762376978] from cache with key [[MergedContextConfiguration@3457cc8d testClass = CheckoutServiceImplTest, locations = '{}', classes = '{class com.luv2code.ecommerce.service.CheckoutServiceImpl, class java.lang.String}', contextInitializerClasses = '[]', activeProfiles = '{}', propertySourceLocations = '{}', propertySourceProperties = '{}', contextCustomizers = set[org.springframework.boot.test.context.filter.ExcludeFilterContextCustomizer@78b7f805, org.springframework.boot.test.json.DuplicateJsonObjectContextCustomizerFactory$DuplicateJsonObjectContextCustomizer@5ae15, org.springframework.boot.test.mock.mockito.MockitoContextCustomizer@99845a43, org.springframework.boot.test.autoconfigure.actuate.metrics.MetricsExportContextCustomizerFactory$DisableMetricExportContextCustomizer@7df6d663, org.springframework.boot.test.autoconfigure.properties.PropertyMappingContextCustomizer@0, org.springframework.boot.test.autoconfigure.web.servlet.WebDriverContextCustomizerFactory$Customizer@38588dea], contextLoader = 'org.springframework.test.context.support.DelegatingSmartContextLoader', parent = [null]]]
13:40:19.975 [main] DEBUG org.springframework.test.context.cache - Spring test ApplicationContext cache statistics: [DefaultContextCache@41e156ee size = 1, maxSize = 32, parentContextCount = 0, hitCount = 1, missCount = 1]
13:40:19.980 [main] DEBUG org.springframework.test.context.cache.DefaultCacheAwareContextLoaderDelegate - Retrieved ApplicationContext [762376978] from cache with key [[MergedContextConfiguration@3457cc8d testClass = CheckoutServiceImplTest, locations = '{}', classes = '{class com.luv2code.ecommerce.service.CheckoutServiceImpl, class java.lang.String}', contextInitializerClasses = '[]', activeProfiles = '{}', propertySourceLocations = '{}', propertySourceProperties = '{}', contextCustomizers = set[org.springframework.boot.test.context.filter.ExcludeFilterContextCustomizer@78b7f805, org.springframework.boot.test.json.DuplicateJsonObjectContextCustomizerFactory$DuplicateJsonObjectContextCustomizer@5ae15, org.springframework.boot.test.mock.mockito.MockitoContextCustomizer@99845a43, org.springframework.boot.test.autoconfigure.actuate.metrics.MetricsExportContextCustomizerFactory$DisableMetricExportContextCustomizer@7df6d663, org.springframework.boot.test.autoconfigure.properties.PropertyMappingContextCustomizer@0, org.springframework.boot.test.autoconfigure.web.servlet.WebDriverContextCustomizerFactory$Customizer@38588dea], contextLoader = 'org.springframework.test.context.support.DelegatingSmartContextLoader', parent = [null]]]
13:40:19.980 [main] DEBUG org.springframework.test.context.cache - Spring test ApplicationContext cache statistics: [DefaultContextCache@41e156ee size = 1, maxSize = 32, parentContextCount = 0, hitCount = 2, missCount = 1]
]]></system-out>
  </testcase>
  <testcase name="testCreatePaymentIntent" classname="com.luv2code.ecommerce.service.CheckoutServiceImplTest" time="0">
    <skipped message="TODO: Complete this test"/>
    <system-out><![CDATA[13:40:19.986 [main] DEBUG org.springframework.test.context.cache.DefaultCacheAwareContextLoaderDelegate - Retrieved ApplicationContext [762376978] from cache with key [[MergedContextConfiguration@3457cc8d testClass = CheckoutServiceImplTest, locations = '{}', classes = '{class com.luv2code.ecommerce.service.CheckoutServiceImpl, class java.lang.String}', contextInitializerClasses = '[]', activeProfiles = '{}', propertySourceLocations = '{}', propertySourceProperties = '{}', contextCustomizers = set[org.springframework.boot.test.context.filter.ExcludeFilterContextCustomizer@78b7f805, org.springframework.boot.test.json.DuplicateJsonObjectContextCustomizerFactory$DuplicateJsonObjectContextCustomizer@5ae15, org.springframework.boot.test.mock.mockito.MockitoContextCustomizer@99845a43, org.springframework.boot.test.autoconfigure.actuate.metrics.MetricsExportContextCustomizerFactory$DisableMetricExportContextCustomizer@7df6d663, org.springframework.boot.test.autoconfigure.properties.PropertyMappingContextCustomizer@0, org.springframework.boot.test.autoconfigure.web.servlet.WebDriverContextCustomizerFactory$Customizer@38588dea], contextLoader = 'org.springframework.test.context.support.DelegatingSmartContextLoader', parent = [null]]]
13:40:19.986 [main] DEBUG org.springframework.test.context.cache - Spring test ApplicationContext cache statistics: [DefaultContextCache@41e156ee size = 1, maxSize = 32, parentContextCount = 0, hitCount = 3, missCount = 1]
13:40:19.986 [main] DEBUG org.springframework.test.context.support.DependencyInjectionTestExecutionListener - Performing dependency injection for test context [[DefaultTestContext@6812c8cc testClass = CheckoutServiceImplTest, testInstance = com.luv2code.ecommerce.service.CheckoutServiceImplTest@eaa901a, testMethod = [null], testException = [null], mergedContextConfiguration = [MergedContextConfiguration@3457cc8d testClass = CheckoutServiceImplTest, locations = '{}', classes = '{class com.luv2code.ecommerce.service.CheckoutServiceImpl, class java.lang.String}', contextInitializerClasses = '[]', activeProfiles = '{}', propertySourceLocations = '{}', propertySourceProperties = '{}', contextCustomizers = set[org.springframework.boot.test.context.filter.ExcludeFilterContextCustomizer@78b7f805, org.springframework.boot.test.json.DuplicateJsonObjectContextCustomizerFactory$DuplicateJsonObjectContextCustomizer@5ae15, org.springframework.boot.test.mock.mockito.MockitoContextCustomizer@99845a43, org.springframework.boot.test.autoconfigure.actuate.metrics.MetricsExportContextCustomizerFactory$DisableMetricExportContextCustomizer@7df6d663, org.springframework.boot.test.autoconfigure.properties.PropertyMappingContextCustomizer@0, org.springframework.boot.test.autoconfigure.web.servlet.WebDriverContextCustomizerFactory$Customizer@38588dea], contextLoader = 'org.springframework.test.context.support.DelegatingSmartContextLoader', parent = [null]], attributes = map[[empty]]]].
13:40:19.986 [main] DEBUG org.springframework.test.context.cache.DefaultCacheAwareContextLoaderDelegate - Retrieved ApplicationContext [762376978] from cache with key [[MergedContextConfiguration@3457cc8d testClass = CheckoutServiceImplTest, locations = '{}', classes = '{class com.luv2code.ecommerce.service.CheckoutServiceImpl, class java.lang.String}', contextInitializerClasses = '[]', activeProfiles = '{}', propertySourceLocations = '{}', propertySourceProperties = '{}', contextCustomizers = set[org.springframework.boot.test.context.filter.ExcludeFilterContextCustomizer@78b7f805, org.springframework.boot.test.json.DuplicateJsonObjectContextCustomizerFactory$DuplicateJsonObjectContextCustomizer@5ae15, org.springframework.boot.test.mock.mockito.MockitoContextCustomizer@99845a43, org.springframework.boot.test.autoconfigure.actuate.metrics.MetricsExportContextCustomizerFactory$DisableMetricExportContextCustomizer@7df6d663, org.springframework.boot.test.autoconfigure.properties.PropertyMappingContextCustomizer@0, org.springframework.boot.test.autoconfigure.web.servlet.WebDriverContextCustomizerFactory$Customizer@38588dea], contextLoader = 'org.springframework.test.context.support.DelegatingSmartContextLoader', parent = [null]]]
13:40:19.986 [main] DEBUG org.springframework.test.context.cache - Spring test ApplicationContext cache statistics: [DefaultContextCache@41e156ee size = 1, maxSize = 32, parentContextCount = 0, hitCount = 4, missCount = 1]
13:40:19.987 [main] DEBUG org.springframework.test.context.cache.DefaultCacheAwareContextLoaderDelegate - Retrieved ApplicationContext [762376978] from cache with key [[MergedContextConfiguration@3457cc8d testClass = CheckoutServiceImplTest, locations = '{}', classes = '{class com.luv2code.ecommerce.service.CheckoutServiceImpl, class java.lang.String}', contextInitializerClasses = '[]', activeProfiles = '{}', propertySourceLocations = '{}', propertySourceProperties = '{}', contextCustomizers = set[org.springframework.boot.test.context.filter.ExcludeFilterContextCustomizer@78b7f805, org.springframework.boot.test.json.DuplicateJsonObjectContextCustomizerFactory$DuplicateJsonObjectContextCustomizer@5ae15, org.springframework.boot.test.mock.mockito.MockitoContextCustomizer@99845a43, org.springframework.boot.test.autoconfigure.actuate.metrics.MetricsExportContextCustomizerFactory$DisableMetricExportContextCustomizer@7df6d663, org.springframework.boot.test.autoconfigure.properties.PropertyMappingContextCustomizer@0, org.springframework.boot.test.autoconfigure.web.servlet.WebDriverContextCustomizerFactory$Customizer@38588dea], contextLoader = 'org.springframework.test.context.support.DelegatingSmartContextLoader', parent = [null]]]
13:40:19.987 [main] DEBUG org.springframework.test.context.cache - Spring test ApplicationContext cache statistics: [DefaultContextCache@41e156ee size = 1, maxSize = 32, parentContextCount = 0, hitCount = 5, missCount = 1]
]]></system-out>
  </testcase>
</testsuite>